2019-09-30 01:23:03,613 ERROR: Exception on /user/g [GET] [in /home/gio/Projects/cinefile/venv/lib/python3.5/site-packages/flask/app.py:1891]
Traceback (most recent call last):
  File "/home/gio/Projects/cinefile/venv/lib/python3.5/site-packages/flask/app.py", line 2446, in wsgi_app
    response = self.full_dispatch_request()
  File "/home/gio/Projects/cinefile/venv/lib/python3.5/site-packages/flask/app.py", line 1951, in full_dispatch_request
    rv = self.handle_user_exception(e)
  File "/home/gio/Projects/cinefile/venv/lib/python3.5/site-packages/flask/app.py", line 1820, in handle_user_exception
    reraise(exc_type, exc_value, tb)
  File "/home/gio/Projects/cinefile/venv/lib/python3.5/site-packages/flask/_compat.py", line 39, in reraise
    raise value
  File "/home/gio/Projects/cinefile/venv/lib/python3.5/site-packages/flask/app.py", line 1949, in full_dispatch_request
    rv = self.dispatch_request()
  File "/home/gio/Projects/cinefile/venv/lib/python3.5/site-packages/flask/app.py", line 1935, in dispatch_request
    return self.view_functions[rule.endpoint](**req.view_args)
  File "/home/gio/Projects/cinefile/venv/lib/python3.5/site-packages/flask_login/utils.py", line 261, in decorated_view
    return func(*args, **kwargs)
  File "/home/gio/Projects/cinefile/app/routes.py", line 101, in user
    if reviews.has_prev else None
AttributeError: 'Pagination' object has no attribute 'pre_num'
2019-09-30 01:38:16,608 INFO: Cinefile startup [in /home/gio/Projects/cinefile/app/__init__.py:55]
2019-09-30 01:39:09,344 INFO: Cinefile startup [in /home/gio/Projects/cinefile/app/__init__.py:55]
